[INFO](2023-02-09 08:18:21) /Users/egorkozelskij/GolandProjects/iredy/auth_service/app/db.go:31 Database connection was created
[INFO](2023-02-09 08:18:22) /Users/egorkozelskij/GolandProjects/iredy/auth_service/interactors/auth_interactor.go:69 Register successful. Credentials: wispy-haze - $2a$14$09E3GuGgd8H9jdCVriN2xutaclkVOqa9m2n6Qn..TGOOSfnhRgW6C
[INFO](2023-02-09 08:18:23) /Users/egorkozelskij/GolandProjects/iredy/auth_service/interactors/auth_interactor.go:92 Login successful. Token = eyJhbGciOiJIUzI1NiIsInR5cCI6IkpXVCJ9.eyJhdXRob3JpemVkIjp0cnVlLCJleHAiOjIyNzU5MTk4NDMsInVzZXJfaWQiOjI0fQ.q0VNUlwMrCIYCLyqoPRC5Ojplohn7fykCHvgZlqeYhs
[INFO](2023-02-09 08:18:23) /Users/egorkozelskij/GolandProjects/iredy/auth_service/interactors/auth_interactor.go:127 Validate successful. UserId=24, Username=wispy-haze
[INFO](2023-02-09 08:24:37) /Users/egorkozelskij/GolandProjects/iredy/auth_service/app/db.go:31 Database connection was created
[INFO](2023-02-09 08:24:37) /Users/egorkozelskij/GolandProjects/iredy/auth_service/app/grpc.go:82 GRPC server listening at 127.0.0.1:8086
[INFO](2023-02-09 08:24:42) /Users/egorkozelskij/GolandProjects/iredy/auth_service/app/db.go:31 Database connection was created
[INFO](2023-02-09 08:24:44) /Users/egorkozelskij/GolandProjects/iredy/auth_service/interactors/auth_interactor.go:69 Register successful. Credentials: damp-snow - $2a$14$O/x.KxbeuPuHHpHdoaoi0.eNsYDDcJKaGzOznUjsQUQmLwO4YxOXO
[INFO](2023-02-09 08:24:45) /Users/egorkozelskij/GolandProjects/iredy/auth_service/interactors/auth_interactor.go:92 Login successful. Token = eyJhbGciOiJIUzI1NiIsInR5cCI6IkpXVCJ9.eyJhdXRob3JpemVkIjp0cnVlLCJleHAiOjIyNzU5MjAyMjUsInVzZXJfaWQiOjI3fQ.5P3DH4N3YJ8GAFobgbjZGGLrnj6n87gNtYEhQtJSIp8
[INFO](2023-02-09 08:24:45) /Users/egorkozelskij/GolandProjects/iredy/auth_service/interactors/auth_interactor.go:127 Validate successful. UserId=27, Username=damp-snow
[INFO](2023-02-09 08:24:46) /Users/egorkozelskij/GolandProjects/iredy/auth_service/interactors/auth_interactor.go:69 Register successful. Credentials: twilight-thunder - $2a$14$M5rVJTOtW/xS3rUldLYYAufTVUMwZC3/9C32/0NZ2015EBHekvSjy
[INFO](2023-02-09 08:24:47) /Users/egorkozelskij/GolandProjects/iredy/auth_service/interactors/auth_interactor.go:69 Register successful. Credentials: old-dew - $2a$14$o3u/btziDzXKy.E5ChpEouVS5nmrqnjnjCMTdXnk3WEkWMCeyLRvO
[INFO](2023-02-09 08:24:48) /Users/egorkozelskij/GolandProjects/iredy/auth_service/interactors/auth_interactor.go:69 Register successful. Credentials: late-sun - $2a$14$iqKCSoZGHRxx5edKc2Mw7.an71tPkK.KVyCWZ5nLl1.KWyvS0frbm
[INFO](2023-02-09 08:25:07) /Users/egorkozelskij/GolandProjects/iredy/auth_service/app/db.go:31 Database connection was created
[INFO](2023-02-09 08:25:08) /Users/egorkozelskij/GolandProjects/iredy/auth_service/interactors/auth_interactor.go:69 Register successful. Credentials: silent-fog - $2a$14$GR475sqC6IqK9fEhdxnrTulm2s/cFdXICCo1/xi90myteJ2YA7822
[INFO](2023-02-09 08:25:09) /Users/egorkozelskij/GolandProjects/iredy/auth_service/interactors/auth_interactor.go:92 Login successful. Token = eyJhbGciOiJIUzI1NiIsInR5cCI6IkpXVCJ9.eyJhdXRob3JpemVkIjp0cnVlLCJleHAiOjIyNzU5MjAyNDksInVzZXJfaWQiOjMxfQ.HIcZBBmSsTJekG9jsXebDrTN3NPqASWe01e9ek_mcDw
[INFO](2023-02-09 08:25:09) /Users/egorkozelskij/GolandProjects/iredy/auth_service/interactors/auth_interactor.go:127 Validate successful. UserId=31, Username=silent-fog
[INFO](2023-02-09 08:25:11) /Users/egorkozelskij/GolandProjects/iredy/auth_service/interactors/auth_interactor.go:69 Register successful. Credentials: small-surf - $2a$14$o9AIj3sQbcFa6luCpN4one8Gz6jWWqOdH5nSU0znslc.2Sdjovqz2
[INFO](2023-02-09 08:25:12) /Users/egorkozelskij/GolandProjects/iredy/auth_service/interactors/auth_interactor.go:69 Register successful. Credentials: shy-frost - $2a$14$WO3OH8XF1Iqq0RWis5/M8.cnVC0DZCqMbuorJRffcVs5p/8EGHAXu
[INFO](2023-02-09 08:25:13) /Users/egorkozelskij/GolandProjects/iredy/auth_service/interactors/auth_interactor.go:92 Login successful. Token = eyJhbGciOiJIUzI1NiIsInR5cCI6IkpXVCJ9.eyJhdXRob3JpemVkIjp0cnVlLCJleHAiOjIyNzU5MjAyNTMsInVzZXJfaWQiOjMzfQ.qCrZ8EyylejKbI9C_cSGttSuGjCMjoPH2FW9le9efNc
[INFO](2023-02-09 08:25:15) /Users/egorkozelskij/GolandProjects/iredy/auth_service/interactors/auth_interactor.go:69 Register successful. Credentials: hidden-feather - $2a$14$AivsvVGXh0AcpiLLfCYeyuxQMmRC6lzeqsN0MP9gzjyms3RU3gzXi
[INFO](2023-02-09 08:25:16) /Users/egorkozelskij/GolandProjects/iredy/auth_service/interactors/auth_interactor.go:92 Login successful. Token = eyJhbGciOiJIUzI1NiIsInR5cCI6IkpXVCJ9.eyJhdXRob3JpemVkIjp0cnVlLCJleHAiOjIyNzU5MjAyNTYsInVzZXJfaWQiOjM0fQ.dLGU3JYQ6pT_5K6roiisSF0uHybzFyle8tlNHbuFI6Q
[INFO](2023-02-09 08:25:16) /Users/egorkozelskij/GolandProjects/iredy/auth_service/interactors/auth_interactor.go:127 Validate successful. UserId=34, Username=hidden-feather
